--------------------
./configure
Mon  2 Jan 2017 10:55:56 EST
Checking for gcc...
=== ztest58225.c ===
extern int getchar();
int hello() {return getchar();}
===
gcc -c ztest58225.c
... using gcc

Checking for obsessive-compulsive compiler options...
=== ztest58225.c ===
int foo() { return 0; }
===
gcc -c -O3 ztest58225.c

Checking for shared library support...
=== ztest58225.c ===
extern int getchar();
int hello() {return getchar();}
===
gcc -w -c -O3 -fPIC ztest58225.c
gcc -dynamiclib -install_name ${exec_prefix}/lib/libz.1.dylib -compatibility_version 1 -current_version 1.2.9 -O3 -fPIC -o ztest58225.dylib ztest58225.o
Building shared library libz.1.2.9.dylib with gcc.

=== ztest58225.c ===
#include <stdio.h>
#include <stdlib.h>
size_t dummy = 0;
===
gcc -c -O3 ztest58225.c
Checking for size_t... Yes.


=== ztest58225.c ===
#include <sys/types.h>
off64_t dummy = 0;
===
gcc -c -O3 -D_LARGEFILE64_SOURCE=1 ztest58225.c
ztest58225.c:2:1: error: unknown type name 'off64_t'; did you mean 'off_t'?
off64_t dummy = 0;
^~~~~~~
off_t
/Applications/Xcode.app/Contents/Developer/Platforms/MacOSX.platform/Developer/SDKs/MacOSX10.12.sdk/usr/include/sys/_types/_off_t.h:30:25: note: 'off_t' declared here
typedef __darwin_off_t          off_t;
                                ^
1 error generated.
(exit code 1)
Checking for off64_t... No.

=== ztest58225.c ===
#include <stdio.h>
int main(void) {
  fseeko(NULL, 0, 0);
  return 0;
}
===
gcc -O3 -o ztest58225 ztest58225.c
Checking for fseeko... Yes.

=== ztest58225.c ===
#include <string.h>
#include <errno.h>
int main() { return strlen(strerror(errno)); }
===
gcc -O3 -o ztest58225 ztest58225.c
Checking for strerror... Yes.

=== ztest58225.c ===
#include <unistd.h>
int main() { return 0; }
===
gcc -c -O3 ztest58225.c
Checking for unistd.h... Yes.

=== ztest58225.c ===
#include <stdarg.h>
int main() { return 0; }
===
gcc -c -O3 ztest58225.c
Checking for stdarg.h... Yes.

=== ztest58225.c ===
#include <stdio.h>
#include <stdarg.h>
#include "zconf.h"
int main()
{
#ifndef STDC
  choke me
#endif
  return 0;
}
===
gcc -c -O3 ztest58225.c
Checking whether to use vs[n]printf() or s[n]printf()... using vs[n]printf().

=== ztest58225.c ===
#include <stdio.h>
#include <stdarg.h>
int mytest(const char *fmt, ...)
{
  char buf[20];
  va_list ap;
  va_start(ap, fmt);
  vsnprintf(buf, sizeof(buf), fmt, ap);
  va_end(ap);
  return 0;
}
int main()
{
  return (mytest("Hello%d\n", 1));
}
===
gcc -O3 -o ztest58225 ztest58225.c
Checking for vsnprintf() in stdio.h... Yes.

=== ztest58225.c ===
#include <stdio.h>
#include <stdarg.h>
int mytest(const char *fmt, ...)
{
  int n;
  char buf[20];
  va_list ap;
  va_start(ap, fmt);
  n = vsnprintf(buf, sizeof(buf), fmt, ap);
  va_end(ap);
  return n;
}
int main()
{
  return (mytest("Hello%d\n", 1));
}
===
gcc -c -O3 ztest58225.c
Checking for return value of vsnprintf()... Yes.

=== ztest58225.c ===
#define ZLIB_INTERNAL __attribute__((visibility ("hidden")))
int ZLIB_INTERNAL foo;
int main()
{
  return 0;
}
===
gcc -c -O3 ztest58225.c
Checking for attribute(visibility) support... Yes.

ALL = static shared
AR = libtool
ARFLAGS = -o
CC = gcc
CFLAGS = -O3 -DHAVE_HIDDEN
CPP = gcc -E
EXE =
LDCONFIG = ldconfig
LDFLAGS =
LDSHARED = gcc -dynamiclib -install_name ${exec_prefix}/lib/libz.1.dylib -compatibility_version 1 -current_version 1.2.9
LDSHAREDLIBC = -lc
OBJC = $(OBJZ) $(OBJG)
PIC_OBJC = $(PIC_OBJZ) $(PIC_OBJG)
RANLIB = ranlib
SFLAGS = -O3 -fPIC -DHAVE_HIDDEN
SHAREDLIB = libz.dylib
SHAREDLIBM = libz.1.dylib
SHAREDLIBV = libz.1.2.9.dylib
STATICLIB = libz.a
TEST = all teststatic testshared
VER = 1.2.9
Z_U4 =
SRCDIR =
exec_prefix = ${prefix}
includedir = ${prefix}/include
libdir = ${exec_prefix}/lib
mandir = ${prefix}/share/man
prefix = /usr/local
sharedlibdir = ${libdir}
uname = Darwin
--------------------


--------------------
./configure
Mon  2 Jan 2017 11:00:21 EST
Checking for gcc...
=== ztest58871.c ===
extern int getchar();
int hello() {return getchar();}
===
gcc -c ztest58871.c
... using gcc

Checking for obsessive-compulsive compiler options...
=== ztest58871.c ===
int foo() { return 0; }
===
gcc -c -O3 ztest58871.c

Checking for shared library support...
=== ztest58871.c ===
extern int getchar();
int hello() {return getchar();}
===
gcc -w -c -O3 -fPIC ztest58871.c
gcc -dynamiclib -install_name ${exec_prefix}/lib/libz.1.dylib -compatibility_version 1 -current_version 1.2.9 -O3 -fPIC -o ztest58871.dylib ztest58871.o
Building shared library libz.1.2.9.dylib with gcc.

=== ztest58871.c ===
#include <stdio.h>
#include <stdlib.h>
size_t dummy = 0;
===
gcc -c -O3 ztest58871.c
Checking for size_t... Yes.


=== ztest58871.c ===
#include <sys/types.h>
off64_t dummy = 0;
===
gcc -c -O3 -D_LARGEFILE64_SOURCE=1 ztest58871.c
ztest58871.c:2:1: error: unknown type name 'off64_t'; did you mean 'off_t'?
off64_t dummy = 0;
^~~~~~~
off_t
/Applications/Xcode.app/Contents/Developer/Platforms/MacOSX.platform/Developer/SDKs/MacOSX10.12.sdk/usr/include/sys/_types/_off_t.h:30:25: note: 'off_t' declared here
typedef __darwin_off_t          off_t;
                                ^
1 error generated.
(exit code 1)
Checking for off64_t... No.

=== ztest58871.c ===
#include <stdio.h>
int main(void) {
  fseeko(NULL, 0, 0);
  return 0;
}
===
gcc -O3 -o ztest58871 ztest58871.c
Checking for fseeko... Yes.

=== ztest58871.c ===
#include <string.h>
#include <errno.h>
int main() { return strlen(strerror(errno)); }
===
gcc -O3 -o ztest58871 ztest58871.c
Checking for strerror... Yes.

=== ztest58871.c ===
#include <unistd.h>
int main() { return 0; }
===
gcc -c -O3 ztest58871.c
Checking for unistd.h... Yes.

=== ztest58871.c ===
#include <stdarg.h>
int main() { return 0; }
===
gcc -c -O3 ztest58871.c
Checking for stdarg.h... Yes.

=== ztest58871.c ===
#include <stdio.h>
#include <stdarg.h>
#include "zconf.h"
int main()
{
#ifndef STDC
  choke me
#endif
  return 0;
}
===
gcc -c -O3 ztest58871.c
Checking whether to use vs[n]printf() or s[n]printf()... using vs[n]printf().

=== ztest58871.c ===
#include <stdio.h>
#include <stdarg.h>
int mytest(const char *fmt, ...)
{
  char buf[20];
  va_list ap;
  va_start(ap, fmt);
  vsnprintf(buf, sizeof(buf), fmt, ap);
  va_end(ap);
  return 0;
}
int main()
{
  return (mytest("Hello%d\n", 1));
}
===
gcc -O3 -o ztest58871 ztest58871.c
Checking for vsnprintf() in stdio.h... Yes.

=== ztest58871.c ===
#include <stdio.h>
#include <stdarg.h>
int mytest(const char *fmt, ...)
{
  int n;
  char buf[20];
  va_list ap;
  va_start(ap, fmt);
  n = vsnprintf(buf, sizeof(buf), fmt, ap);
  va_end(ap);
  return n;
}
int main()
{
  return (mytest("Hello%d\n", 1));
}
===
gcc -c -O3 ztest58871.c
Checking for return value of vsnprintf()... Yes.

=== ztest58871.c ===
#define ZLIB_INTERNAL __attribute__((visibility ("hidden")))
int ZLIB_INTERNAL foo;
int main()
{
  return 0;
}
===
gcc -c -O3 ztest58871.c
Checking for attribute(visibility) support... Yes.

ALL = static shared
AR = libtool
ARFLAGS = -o
CC = gcc
CFLAGS = -O3 -DHAVE_HIDDEN
CPP = gcc -E
EXE =
LDCONFIG = ldconfig
LDFLAGS =
LDSHARED = gcc -dynamiclib -install_name ${exec_prefix}/lib/libz.1.dylib -compatibility_version 1 -current_version 1.2.9
LDSHAREDLIBC = -lc
OBJC = $(OBJZ) $(OBJG)
PIC_OBJC = $(PIC_OBJZ) $(PIC_OBJG)
RANLIB = ranlib
SFLAGS = -O3 -fPIC -DHAVE_HIDDEN
SHAREDLIB = libz.dylib
SHAREDLIBM = libz.1.dylib
SHAREDLIBV = libz.1.2.9.dylib
STATICLIB = libz.a
TEST = all teststatic testshared
VER = 1.2.9
Z_U4 =
SRCDIR =
exec_prefix = ${prefix}
includedir = ${prefix}/include
libdir = ${exec_prefix}/lib
mandir = ${prefix}/share/man
prefix = /usr/local
sharedlibdir = ${libdir}
uname = Darwin
--------------------


--------------------
./configure
Mon  2 Jan 2017 11:00:38 EST
Checking for gcc...
=== ztest59028.c ===
extern int getchar();
int hello() {return getchar();}
===
gcc -c ztest59028.c
... using gcc

Checking for obsessive-compulsive compiler options...
=== ztest59028.c ===
int foo() { return 0; }
===
gcc -c -O3 ztest59028.c

Checking for shared library support...
=== ztest59028.c ===
extern int getchar();
int hello() {return getchar();}
===
gcc -w -c -O3 -fPIC ztest59028.c
gcc -dynamiclib -install_name ${exec_prefix}/lib/libz.1.dylib -compatibility_version 1 -current_version 1.2.9 -O3 -fPIC -o ztest59028.dylib ztest59028.o
Building shared library libz.1.2.9.dylib with gcc.

=== ztest59028.c ===
#include <stdio.h>
#include <stdlib.h>
size_t dummy = 0;
===
gcc -c -O3 ztest59028.c
Checking for size_t... Yes.


=== ztest59028.c ===
#include <sys/types.h>
off64_t dummy = 0;
===
gcc -c -O3 -D_LARGEFILE64_SOURCE=1 ztest59028.c
ztest59028.c:2:1: error: unknown type name 'off64_t'; did you mean 'off_t'?
off64_t dummy = 0;
^~~~~~~
off_t
/Applications/Xcode.app/Contents/Developer/Platforms/MacOSX.platform/Developer/SDKs/MacOSX10.12.sdk/usr/include/sys/_types/_off_t.h:30:25: note: 'off_t' declared here
typedef __darwin_off_t          off_t;
                                ^
1 error generated.
(exit code 1)
Checking for off64_t... No.

=== ztest59028.c ===
#include <stdio.h>
int main(void) {
  fseeko(NULL, 0, 0);
  return 0;
}
===
gcc -O3 -o ztest59028 ztest59028.c
Checking for fseeko... Yes.

=== ztest59028.c ===
#include <string.h>
#include <errno.h>
int main() { return strlen(strerror(errno)); }
===
gcc -O3 -o ztest59028 ztest59028.c
Checking for strerror... Yes.

=== ztest59028.c ===
#include <unistd.h>
int main() { return 0; }
===
gcc -c -O3 ztest59028.c
Checking for unistd.h... Yes.

=== ztest59028.c ===
#include <stdarg.h>
int main() { return 0; }
===
gcc -c -O3 ztest59028.c
Checking for stdarg.h... Yes.

=== ztest59028.c ===
#include <stdio.h>
#include <stdarg.h>
#include "zconf.h"
int main()
{
#ifndef STDC
  choke me
#endif
  return 0;
}
===
gcc -c -O3 ztest59028.c
Checking whether to use vs[n]printf() or s[n]printf()... using vs[n]printf().

=== ztest59028.c ===
#include <stdio.h>
#include <stdarg.h>
int mytest(const char *fmt, ...)
{
  char buf[20];
  va_list ap;
  va_start(ap, fmt);
  vsnprintf(buf, sizeof(buf), fmt, ap);
  va_end(ap);
  return 0;
}
int main()
{
  return (mytest("Hello%d\n", 1));
}
===
gcc -O3 -o ztest59028 ztest59028.c
Checking for vsnprintf() in stdio.h... Yes.

=== ztest59028.c ===
#include <stdio.h>
#include <stdarg.h>
int mytest(const char *fmt, ...)
{
  int n;
  char buf[20];
  va_list ap;
  va_start(ap, fmt);
  n = vsnprintf(buf, sizeof(buf), fmt, ap);
  va_end(ap);
  return n;
}
int main()
{
  return (mytest("Hello%d\n", 1));
}
===
gcc -c -O3 ztest59028.c
Checking for return value of vsnprintf()... Yes.

=== ztest59028.c ===
#define ZLIB_INTERNAL __attribute__((visibility ("hidden")))
int ZLIB_INTERNAL foo;
int main()
{
  return 0;
}
===
gcc -c -O3 ztest59028.c
Checking for attribute(visibility) support... Yes.

ALL = static shared
AR = libtool
ARFLAGS = -o
CC = gcc
CFLAGS = -O3 -DHAVE_HIDDEN
CPP = gcc -E
EXE =
LDCONFIG = ldconfig
LDFLAGS =
LDSHARED = gcc -dynamiclib -install_name ${exec_prefix}/lib/libz.1.dylib -compatibility_version 1 -current_version 1.2.9
LDSHAREDLIBC = -lc
OBJC = $(OBJZ) $(OBJG)
PIC_OBJC = $(PIC_OBJZ) $(PIC_OBJG)
RANLIB = ranlib
SFLAGS = -O3 -fPIC -DHAVE_HIDDEN
SHAREDLIB = libz.dylib
SHAREDLIBM = libz.1.dylib
SHAREDLIBV = libz.1.2.9.dylib
STATICLIB = libz.a
TEST = all teststatic testshared
VER = 1.2.9
Z_U4 =
SRCDIR =
exec_prefix = ${prefix}
includedir = ${prefix}/include
libdir = ${exec_prefix}/lib
mandir = ${prefix}/share/man
prefix = /usr/local
sharedlibdir = ${libdir}
uname = Darwin
--------------------


--------------------
./configure --help
Mon  2 Jan 2017 11:01:47 EST
usage:
  configure [--const] [--zprefix] [--prefix=PREFIX]  [--eprefix=EXPREFIX]
    [--static] [--64] [--libdir=LIBDIR] [--sharedlibdir=LIBDIR]
    [--includedir=INCLUDEDIR] [--archs="-arch i386 -arch x86_64"]
--------------------
./configure
Mon  2 Jan 2017 11:05:34 EST
Checking for gcc...
=== ztest60536.c ===
extern int getchar();
int hello() {return getchar();}
===
gcc -c ztest60536.c
... using gcc

Checking for obsessive-compulsive compiler options...
=== ztest60536.c ===
int foo() { return 0; }
===
gcc -c -O3 ztest60536.c

Checking for shared library support...
=== ztest60536.c ===
extern int getchar();
int hello() {return getchar();}
===
gcc -w -c -O3 -fPIC ztest60536.c
gcc -dynamiclib -install_name ${exec_prefix}/lib/libz.1.dylib -compatibility_version 1 -current_version 1.2.9 -O3 -fPIC -o ztest60536.dylib ztest60536.o
Building shared library libz.1.2.9.dylib with gcc.

=== ztest60536.c ===
#include <stdio.h>
#include <stdlib.h>
size_t dummy = 0;
===
gcc -c -O3 ztest60536.c
Checking for size_t... Yes.


=== ztest60536.c ===
#include <sys/types.h>
off64_t dummy = 0;
===
gcc -c -O3 -D_LARGEFILE64_SOURCE=1 ztest60536.c
ztest60536.c:2:1: error: unknown type name 'off64_t'; did you mean 'off_t'?
off64_t dummy = 0;
^~~~~~~
off_t
/Applications/Xcode.app/Contents/Developer/Platforms/MacOSX.platform/Developer/SDKs/MacOSX10.12.sdk/usr/include/sys/_types/_off_t.h:30:25: note: 'off_t' declared here
typedef __darwin_off_t          off_t;
                                ^
1 error generated.
(exit code 1)
Checking for off64_t... No.

=== ztest60536.c ===
#include <stdio.h>
int main(void) {
  fseeko(NULL, 0, 0);
  return 0;
}
===
gcc -O3 -o ztest60536 ztest60536.c
Checking for fseeko... Yes.

=== ztest60536.c ===
#include <string.h>
#include <errno.h>
int main() { return strlen(strerror(errno)); }
===
gcc -O3 -o ztest60536 ztest60536.c
Checking for strerror... Yes.

=== ztest60536.c ===
#include <unistd.h>
int main() { return 0; }
===
gcc -c -O3 ztest60536.c
Checking for unistd.h... Yes.

=== ztest60536.c ===
#include <stdarg.h>
int main() { return 0; }
===
gcc -c -O3 ztest60536.c
Checking for stdarg.h... Yes.

=== ztest60536.c ===
#include <stdio.h>
#include <stdarg.h>
#include "zconf.h"
int main()
{
#ifndef STDC
  choke me
#endif
  return 0;
}
===
gcc -c -O3 ztest60536.c
Checking whether to use vs[n]printf() or s[n]printf()... using vs[n]printf().

=== ztest60536.c ===
#include <stdio.h>
#include <stdarg.h>
int mytest(const char *fmt, ...)
{
  char buf[20];
  va_list ap;
  va_start(ap, fmt);
  vsnprintf(buf, sizeof(buf), fmt, ap);
  va_end(ap);
  return 0;
}
int main()
{
  return (mytest("Hello%d\n", 1));
}
===
gcc -O3 -o ztest60536 ztest60536.c
Checking for vsnprintf() in stdio.h... Yes.

=== ztest60536.c ===
#include <stdio.h>
#include <stdarg.h>
int mytest(const char *fmt, ...)
{
  int n;
  char buf[20];
  va_list ap;
  va_start(ap, fmt);
  n = vsnprintf(buf, sizeof(buf), fmt, ap);
  va_end(ap);
  return n;
}
int main()
{
  return (mytest("Hello%d\n", 1));
}
===
gcc -c -O3 ztest60536.c
Checking for return value of vsnprintf()... Yes.

=== ztest60536.c ===
#define ZLIB_INTERNAL __attribute__((visibility ("hidden")))
int ZLIB_INTERNAL foo;
int main()
{
  return 0;
}
===
gcc -c -O3 ztest60536.c
Checking for attribute(visibility) support... Yes.

ALL = static shared
AR = libtool
ARFLAGS = -o
CC = gcc
CFLAGS = -O3 -DHAVE_HIDDEN
CPP = gcc -E
EXE =
LDCONFIG = ldconfig
LDFLAGS =
LDSHARED = gcc -dynamiclib -install_name ${exec_prefix}/lib/libz.1.dylib -compatibility_version 1 -current_version 1.2.9
LDSHAREDLIBC = -lc
OBJC = $(OBJZ) $(OBJG)
PIC_OBJC = $(PIC_OBJZ) $(PIC_OBJG)
RANLIB = ranlib
SFLAGS = -O3 -fPIC -DHAVE_HIDDEN
SHAREDLIB = libz.dylib
SHAREDLIBM = libz.1.dylib
SHAREDLIBV = libz.1.2.9.dylib
STATICLIB = libz.a
TEST = all teststatic testshared
VER = 1.2.9
Z_U4 =
SRCDIR =
exec_prefix = ${prefix}
includedir = ${prefix}/include
libdir = ${exec_prefix}/lib
mandir = ${prefix}/share/man
prefix = /usr/local
sharedlibdir = ${libdir}
uname = Darwin
--------------------


--------------------
./configure
Mon  2 Jan 2017 11:07:58 EST
Checking for gcc...
=== ztest61497.c ===
extern int getchar();
int hello() {return getchar();}
===
gcc -c ztest61497.c
... using gcc

Checking for obsessive-compulsive compiler options...
=== ztest61497.c ===
int foo() { return 0; }
===
gcc -c -O3 ztest61497.c

Checking for shared library support...
=== ztest61497.c ===
extern int getchar();
int hello() {return getchar();}
===
gcc -w -c -O3 -fPIC ztest61497.c
gcc -dynamiclib -install_name ${exec_prefix}/lib/libz.1.dylib -compatibility_version 1 -current_version 1.2.9 -O3 -fPIC -o ztest61497.dylib ztest61497.o
Building shared library libz.1.2.9.dylib with gcc.

=== ztest61497.c ===
#include <stdio.h>
#include <stdlib.h>
size_t dummy = 0;
===
gcc -c -O3 ztest61497.c
Checking for size_t... Yes.


=== ztest61497.c ===
#include <sys/types.h>
off64_t dummy = 0;
===
gcc -c -O3 -D_LARGEFILE64_SOURCE=1 ztest61497.c
ztest61497.c:2:1: error: unknown type name 'off64_t'; did you mean 'off_t'?
off64_t dummy = 0;
^~~~~~~
off_t
/Applications/Xcode.app/Contents/Developer/Platforms/MacOSX.platform/Developer/SDKs/MacOSX10.12.sdk/usr/include/sys/_types/_off_t.h:30:25: note: 'off_t' declared here
typedef __darwin_off_t          off_t;
                                ^
1 error generated.
(exit code 1)
Checking for off64_t... No.

=== ztest61497.c ===
#include <stdio.h>
int main(void) {
  fseeko(NULL, 0, 0);
  return 0;
}
===
gcc -O3 -o ztest61497 ztest61497.c
Checking for fseeko... Yes.

=== ztest61497.c ===
#include <string.h>
#include <errno.h>
int main() { return strlen(strerror(errno)); }
===
gcc -O3 -o ztest61497 ztest61497.c
Checking for strerror... Yes.

=== ztest61497.c ===
#include <unistd.h>
int main() { return 0; }
===
gcc -c -O3 ztest61497.c
Checking for unistd.h... Yes.

=== ztest61497.c ===
#include <stdarg.h>
int main() { return 0; }
===
gcc -c -O3 ztest61497.c
Checking for stdarg.h... Yes.

=== ztest61497.c ===
#include <stdio.h>
#include <stdarg.h>
#include "zconf.h"
int main()
{
#ifndef STDC
  choke me
#endif
  return 0;
}
===
gcc -c -O3 ztest61497.c
Checking whether to use vs[n]printf() or s[n]printf()... using vs[n]printf().

=== ztest61497.c ===
#include <stdio.h>
#include <stdarg.h>
int mytest(const char *fmt, ...)
{
  char buf[20];
  va_list ap;
  va_start(ap, fmt);
  vsnprintf(buf, sizeof(buf), fmt, ap);
  va_end(ap);
  return 0;
}
int main()
{
  return (mytest("Hello%d\n", 1));
}
===
gcc -O3 -o ztest61497 ztest61497.c
Checking for vsnprintf() in stdio.h... Yes.

=== ztest61497.c ===
#include <stdio.h>
#include <stdarg.h>
int mytest(const char *fmt, ...)
{
  int n;
  char buf[20];
  va_list ap;
  va_start(ap, fmt);
  n = vsnprintf(buf, sizeof(buf), fmt, ap);
  va_end(ap);
  return n;
}
int main()
{
  return (mytest("Hello%d\n", 1));
}
===
gcc -c -O3 ztest61497.c
Checking for return value of vsnprintf()... Yes.

=== ztest61497.c ===
#define ZLIB_INTERNAL __attribute__((visibility ("hidden")))
int ZLIB_INTERNAL foo;
int main()
{
  return 0;
}
===
gcc -c -O3 ztest61497.c
Checking for attribute(visibility) support... Yes.

ALL = static shared
AR = libtool
ARFLAGS = -o
CC = gcc
CFLAGS = -O3 -DHAVE_HIDDEN
CPP = gcc -E
EXE =
LDCONFIG = ldconfig
LDFLAGS =
LDSHARED = gcc -dynamiclib -install_name ${exec_prefix}/lib/libz.1.dylib -compatibility_version 1 -current_version 1.2.9
LDSHAREDLIBC = -lc
OBJC = $(OBJZ) $(OBJG)
PIC_OBJC = $(PIC_OBJZ) $(PIC_OBJG)
RANLIB = ranlib
SFLAGS = -O3 -fPIC -DHAVE_HIDDEN
SHAREDLIB = libz.dylib
SHAREDLIBM = libz.1.dylib
SHAREDLIBV = libz.1.2.9.dylib
STATICLIB = libz.a
TEST = all teststatic testshared
VER = 1.2.9
Z_U4 =
SRCDIR =
exec_prefix = ${prefix}
includedir = ${prefix}/include
libdir = ${exec_prefix}/lib
mandir = ${prefix}/share/man
prefix = /usr/local
sharedlibdir = ${libdir}
uname = Darwin
--------------------


